systemMonitor/manifest-merger-release-report.txt
-- Merging decision tree log ---
manifest
ADDED from AndroidManifest.xml:2:1
	package
		ADDED from AndroidManifest.xml:4:5
		INJECTED from AndroidManifest.xml:0:0
		INJECTED from AndroidManifest.xml:0:0
	android:versionName
		ADDED from AndroidManifest.xml:7:5
	xmlns:tools
		ADDED from AndroidManifest.xml:5:5
	android:versionCode
		ADDED from AndroidManifest.xml:6:5
		INJECTED from AndroidManifest.xml:0:0
		INJECTED from AndroidManifest.xml:0:0
	xmlns:android
		ADDED from AndroidManifest.xml:3:5
uses-feature#android.hardware.bluetooth
ADDED from AndroidManifest.xml:8:5
	android:required
		ADDED from AndroidManifest.xml:8:61
	android:name
		ADDED from AndroidManifest.xml:8:19
uses-feature#android.hardware.location
ADDED from AndroidManifest.xml:9:2
	android:required
		ADDED from AndroidManifest.xml:9:57
	android:name
		ADDED from AndroidManifest.xml:9:16
uses-feature#android.hardware.telephony
ADDED from AndroidManifest.xml:10:2
	android:required
		ADDED from AndroidManifest.xml:10:58
	android:name
		ADDED from AndroidManifest.xml:10:16
uses-feature#android.hardware.wifi
ADDED from AndroidManifest.xml:11:2
	android:required
		ADDED from AndroidManifest.xml:11:53
	android:name
		ADDED from AndroidManifest.xml:11:16
uses-permission#android.permission.ACCESS_WIFI_STATE
ADDED from AndroidManifest.xml:12:2
	android:name
		ADDED from AndroidManifest.xml:12:19
uses-permission#android.permission.UPDATE_DEVICE_STATS
ADDED from AndroidManifest.xml:13:2
	android:name
		ADDED from AndroidManifest.xml:13:19
uses-permission#android.permission.CHANGE_WIFI_STATE
ADDED from AndroidManifest.xml:14:2
	android:name
		ADDED from AndroidManifest.xml:14:19
uses-permission#android.permission.WAKE_LOCK
ADDED from AndroidManifest.xml:15:2
	android:name
		ADDED from AndroidManifest.xml:15:19
uses-permission#android.permission.BLUETOOTH
ADDED from AndroidManifest.xml:16:2
	android:name
		ADDED from AndroidManifest.xml:16:19
uses-permission#android.permission.BLUETOOTH_ADMIN
ADDED from AndroidManifest.xml:17:2
	android:name
		ADDED from AndroidManifest.xml:17:19
uses-permission#android.permission.RESTART_PACKAGES
ADDED from AndroidManifest.xml:18:2
	android:name
		ADDED from AndroidManifest.xml:18:19
uses-permission#android.permission.KILL_BACKGROUND_PROCESSES
ADDED from AndroidManifest.xml:19:2
	android:name
		ADDED from AndroidManifest.xml:19:19
uses-permission#android.permission.INTERNET
ADDED from AndroidManifest.xml:20:2
	android:name
		ADDED from AndroidManifest.xml:20:19
uses-permission#android.permission.CHANGE_NETWORK_STATE
ADDED from AndroidManifest.xml:21:2
	android:name
		ADDED from AndroidManifest.xml:21:19
uses-permission#android.permission.ACCESS_NETWORK_STATE
ADDED from AndroidManifest.xml:22:2
	android:name
		ADDED from AndroidManifest.xml:22:19
uses-permission#android.permission.MODIFY_PHONE_STATE
ADDED from AndroidManifest.xml:23:2
	android:name
		ADDED from AndroidManifest.xml:23:19
uses-permission#android.permission.READ_PHONE_STATE
ADDED from AndroidManifest.xml:24:2
	android:name
		ADDED from AndroidManifest.xml:24:19
uses-permission#android.permission.ACCESS_FINE_LOCATION
ADDED from AndroidManifest.xml:25:2
	android:name
		ADDED from AndroidManifest.xml:25:19
compatible-screens
ADDED from AndroidManifest.xml:26:2
screen#small+ldpi
ADDED from AndroidManifest.xml:27:8
	android:screenDensity
		ADDED from AndroidManifest.xml:27:43
	android:screenSize
		ADDED from AndroidManifest.xml:27:16
screen#small+mdpi
ADDED from AndroidManifest.xml:28:6
	android:screenDensity
		ADDED from AndroidManifest.xml:28:41
	android:screenSize
		ADDED from AndroidManifest.xml:28:14
screen#small+hdpi
ADDED from AndroidManifest.xml:29:6
	android:screenDensity
		ADDED from AndroidManifest.xml:29:41
	android:screenSize
		ADDED from AndroidManifest.xml:29:14
screen#small+xhdpi
ADDED from AndroidManifest.xml:30:6
	android:screenDensity
		ADDED from AndroidManifest.xml:30:41
	android:screenSize
		ADDED from AndroidManifest.xml:30:14
screen#small+480
ADDED from AndroidManifest.xml:31:6
	android:screenDensity
		ADDED from AndroidManifest.xml:31:41
	android:screenSize
		ADDED from AndroidManifest.xml:31:14
screen#small+560
ADDED from AndroidManifest.xml:32:9
	android:screenDensity
		ADDED from AndroidManifest.xml:32:44
	android:screenSize
		ADDED from AndroidManifest.xml:32:17
screen#small+640
ADDED from AndroidManifest.xml:33:6
	android:screenDensity
		ADDED from AndroidManifest.xml:33:41
	android:screenSize
		ADDED from AndroidManifest.xml:33:14
screen#normal+ldpi
ADDED from AndroidManifest.xml:34:6
	android:screenDensity
		ADDED from AndroidManifest.xml:34:42
	android:screenSize
		ADDED from AndroidManifest.xml:34:14
screen#normal+mdpi
ADDED from AndroidManifest.xml:35:6
	android:screenDensity
		ADDED from AndroidManifest.xml:35:42
	android:screenSize
		ADDED from AndroidManifest.xml:35:14
screen#normal+hdpi
ADDED from AndroidManifest.xml:36:6
	android:screenDensity
		ADDED from AndroidManifest.xml:36:42
	android:screenSize
		ADDED from AndroidManifest.xml:36:14
screen#normal+xhdpi
ADDED from AndroidManifest.xml:37:6
	android:screenDensity
		ADDED from AndroidManifest.xml:37:42
	android:screenSize
		ADDED from AndroidManifest.xml:37:14
screen#normal+480
ADDED from AndroidManifest.xml:38:6
	android:screenDensity
		ADDED from AndroidManifest.xml:38:42
	android:screenSize
		ADDED from AndroidManifest.xml:38:14
screen#normal+560
ADDED from AndroidManifest.xml:39:6
	android:screenDensity
		ADDED from AndroidManifest.xml:39:42
	android:screenSize
		ADDED from AndroidManifest.xml:39:14
screen#normal+640
ADDED from AndroidManifest.xml:40:9
	android:screenDensity
		ADDED from AndroidManifest.xml:40:45
	android:screenSize
		ADDED from AndroidManifest.xml:40:17
screen#large+ldpi
ADDED from AndroidManifest.xml:41:6
	android:screenDensity
		ADDED from AndroidManifest.xml:41:41
	android:screenSize
		ADDED from AndroidManifest.xml:41:14
screen#large+mdpi
ADDED from AndroidManifest.xml:42:6
	android:screenDensity
		ADDED from AndroidManifest.xml:42:41
	android:screenSize
		ADDED from AndroidManifest.xml:42:14
screen#large+hdpi
ADDED from AndroidManifest.xml:43:6
	android:screenDensity
		ADDED from AndroidManifest.xml:43:41
	android:screenSize
		ADDED from AndroidManifest.xml:43:14
screen#large+xhdpi
ADDED from AndroidManifest.xml:44:6
	android:screenDensity
		ADDED from AndroidManifest.xml:44:41
	android:screenSize
		ADDED from AndroidManifest.xml:44:14
screen#large+480
ADDED from AndroidManifest.xml:45:6
	android:screenDensity
		ADDED from AndroidManifest.xml:45:41
	android:screenSize
		ADDED from AndroidManifest.xml:45:14
screen#large+560
ADDED from AndroidManifest.xml:46:6
	android:screenDensity
		ADDED from AndroidManifest.xml:46:41
	android:screenSize
		ADDED from AndroidManifest.xml:46:14
screen#large+640
ADDED from AndroidManifest.xml:47:9
	android:screenDensity
		ADDED from AndroidManifest.xml:47:44
	android:screenSize
		ADDED from AndroidManifest.xml:47:17
screen#xlarge+ldpi
ADDED from AndroidManifest.xml:48:6
	android:screenDensity
		ADDED from AndroidManifest.xml:48:42
	android:screenSize
		ADDED from AndroidManifest.xml:48:14
screen#xlarge+mdpi
ADDED from AndroidManifest.xml:49:6
	android:screenDensity
		ADDED from AndroidManifest.xml:49:42
	android:screenSize
		ADDED from AndroidManifest.xml:49:14
screen#xlarge+hdpi
ADDED from AndroidManifest.xml:50:6
	android:screenDensity
		ADDED from AndroidManifest.xml:50:42
	android:screenSize
		ADDED from AndroidManifest.xml:50:14
screen#xlarge+xhdpi
ADDED from AndroidManifest.xml:51:6
	android:screenDensity
		ADDED from AndroidManifest.xml:51:42
	android:screenSize
		ADDED from AndroidManifest.xml:51:14
screen#xlarge+480
ADDED from AndroidManifest.xml:52:6
	android:screenDensity
		ADDED from AndroidManifest.xml:52:42
	android:screenSize
		ADDED from AndroidManifest.xml:52:14
screen#xlarge+640
ADDED from AndroidManifest.xml:53:6
	android:screenDensity
		ADDED from AndroidManifest.xml:53:42
	android:screenSize
		ADDED from AndroidManifest.xml:53:14
screen#xlarge+560
ADDED from AndroidManifest.xml:54:9
	android:screenDensity
		ADDED from AndroidManifest.xml:54:45
	android:screenSize
		ADDED from AndroidManifest.xml:54:17
screen#large+213
ADDED from AndroidManifest.xml:55:6
	android:screenDensity
		ADDED from AndroidManifest.xml:55:41
	android:screenSize
		ADDED from AndroidManifest.xml:55:14
supports-screens
ADDED from AndroidManifest.xml:58:2
	android:largeScreens
		ADDED from AndroidManifest.xml:61:6
	android:smallScreens
		ADDED from AndroidManifest.xml:59:6
	android:normalScreens
		ADDED from AndroidManifest.xml:60:6
	android:xlargeScreens
		ADDED from AndroidManifest.xml:62:6
	android:anyDensity
		ADDED from AndroidManifest.xml:63:6
uses-sdk
ADDED from AndroidManifest.xml:65:5
MERGED from SystemMonitor:holoGraphLibrary:unspecified:5:5
MERGED from SystemMonitor:cardLibrary:unspecified:22:5
MERGED from SystemMonitor:floatingActionButton:unspecified:7:5
MERGED from SystemMonitor:swipelistview:unspecified:24:5
MERGED from com.android.support:appcompat-v7:19.1.0:18:5
MERGED from SystemMonitor:changeLogLibrary:unspecified:5:5
MERGED from SystemMonitor:showcaseview:unspecified:20:5
MERGED from SystemMonitor:lDrawer:unspecified:5:5
	tools:overrideLibrary
		ADDED from AndroidManifest.xml:66:9
	android:targetSdkVersion
		ADDED from AndroidManifest.xml:65:42
		INJECTED from AndroidManifest.xml:0:0
		INJECTED from AndroidManifest.xml:0:0
	android:minSdkVersion
		ADDED from AndroidManifest.xml:65:15
		INJECTED from AndroidManifest.xml:0:0
		INJECTED from AndroidManifest.xml:0:0
application
ADDED from AndroidManifest.xml:69:5
MERGED from SystemMonitor:cardLibrary:unspecified:26:5
MERGED from SystemMonitor:floatingActionButton:unspecified:11:5
MERGED from SystemMonitor:swipelistview:unspecified:28:5
MERGED from com.android.support:appcompat-v7:19.1.0:19:5
MERGED from SystemMonitor:changeLogLibrary:unspecified:9:5
	android:label
		ADDED from AndroidManifest.xml:72:9
	android:allowBackup
		ADDED from AndroidManifest.xml:70:9
	android:icon
		ADDED from AndroidManifest.xml:71:9
	android:theme
		ADDED from AndroidManifest.xml:73:9
activity#com.dev.system.monitor.MainActivity
ADDED from AndroidManifest.xml:74:9
	android:screenOrientation
		ADDED from AndroidManifest.xml:77:13
	android:label
		ADDED from AndroidManifest.xml:76:13
	android:name
		ADDED from AndroidManifest.xml:75:13
intent-filter#android.intent.action.MAIN+android.intent.category.LAUNCHER
ADDED from AndroidManifest.xml:78:13
action#android.intent.action.MAIN
ADDED from AndroidManifest.xml:79:17
	android:name
		ADDED from AndroidManifest.xml:79:25
category#android.intent.category.LAUNCHER
ADDED from AndroidManifest.xml:80:17
	android:name
		ADDED from AndroidManifest.xml:80:27
activity#com.dev.system.monitor.AppInfo
ADDED from AndroidManifest.xml:83:9
	android:screenOrientation
		ADDED from AndroidManifest.xml:86:13
	android:label
		ADDED from AndroidManifest.xml:85:13
	android:name
		ADDED from AndroidManifest.xml:84:13
intent-filter#android.intent.action.VIEW+android.intent.category.DEFAULT
ADDED from AndroidManifest.xml:87:14
action#android.intent.action.VIEW
ADDED from AndroidManifest.xml:88:17
	android:name
		ADDED from AndroidManifest.xml:88:25
category#android.intent.category.DEFAULT
ADDED from AndroidManifest.xml:89:17
	android:name
		ADDED from AndroidManifest.xml:89:27
receiver#com.dev.system.monitor.RAMWidget
ADDED from AndroidManifest.xml:92:9
	android:label
		ADDED from AndroidManifest.xml:93:19
	android:name
		ADDED from AndroidManifest.xml:92:19
intent-filter#android.appwidget.action.APPWIDGET_UPDATE
ADDED from AndroidManifest.xml:94:13
action#android.appwidget.action.APPWIDGET_UPDATE
ADDED from AndroidManifest.xml:94:29
	android:name
		ADDED from AndroidManifest.xml:94:37
meta-data#android.appwidget.provider
ADDED from AndroidManifest.xml:96:13
	android:resource
		ADDED from AndroidManifest.xml:96:66
	android:name
		ADDED from AndroidManifest.xml:96:24
receiver#com.dev.system.monitor.CPUWidget
ADDED from AndroidManifest.xml:98:9
	android:label
		ADDED from AndroidManifest.xml:99:13
	android:name
		ADDED from AndroidManifest.xml:98:19
receiver#com.dev.system.monitor.BatteryWidget
ADDED from AndroidManifest.xml:104:9
	android:label
		ADDED from AndroidManifest.xml:105:13
	android:name
		ADDED from AndroidManifest.xml:104:19
receiver#com.dev.system.monitor.WifiWidget
ADDED from AndroidManifest.xml:110:9
	android:label
		ADDED from AndroidManifest.xml:111:13
	android:name
		ADDED from AndroidManifest.xml:110:19
intent-filter#android.appwidget.action.APPWIDGET_UPDATE+com.dev.system.monitor.WifiWidget.ACTION_CHANGE_WIFI_STATUS
ADDED from AndroidManifest.xml:112:13
action#com.dev.system.monitor.WifiWidget.ACTION_CHANGE_WIFI_STATUS
ADDED from AndroidManifest.xml:113:17
	android:name
		ADDED from AndroidManifest.xml:113:25
receiver#com.dev.system.monitor.MobileWidget
ADDED from AndroidManifest.xml:117:9
	android:label
		ADDED from AndroidManifest.xml:118:13
	android:name
		ADDED from AndroidManifest.xml:117:19
intent-filter#android.appwidget.action.APPWIDGET_UPDATE+com.dev.system.monitor.MobileWidget.ACTION_CHANGE_MOBILE_DATA_STATUS
ADDED from AndroidManifest.xml:119:13
action#com.dev.system.monitor.MobileWidget.ACTION_CHANGE_MOBILE_DATA_STATUS
ADDED from AndroidManifest.xml:120:17
	android:name
		ADDED from AndroidManifest.xml:120:25
service#com.dev.system.monitor.BatteryWidget$UpdateBattery
ADDED from AndroidManifest.xml:124:9
	android:name
		ADDED from AndroidManifest.xml:124:18
service#com.dev.system.monitor.WifiWidget$NetworkLog
ADDED from AndroidManifest.xml:125:9
	android:name
		ADDED from AndroidManifest.xml:125:18
service#com.dev.system.monitor.MobileWidget$MobileNetworkLog
ADDED from AndroidManifest.xml:126:9
	android:name
		ADDED from AndroidManifest.xml:126:18